<?xml version="1.0" encoding="utf-8"?><testsuites name="pytest tests"><testsuite name="pytest" errors="0" failures="0" skipped="0" tests="14" time="19.287" timestamp="2026-06-27T21:42:34.471452+00:00" hostname="agent-env-3bd0c3da-c5f1-4b39-a409-c1130012b40c"><testcase classname="tests.test_byok_and_formats" name="test_root_returns_forge_api" time="0.181" /><testcase classname="tests.test_byok_and_formats" name="test_login_returns_jwt" time="0.295" /><testcase classname="tests.test_byok_and_formats" name="test_auth_me_with_bearer" time="0.382" /><testcase classname="tests.test_byok_and_formats" name="test_create_groq_key" time="0.094" /><testcase classname="tests.test_byok_and_formats" name="test_list_api_keys_masked" time="0.111" /><testcase classname="tests.test_byok_and_formats" name="test_create_key_invalid_mode_returns_400" time="0.112" /><testcase classname="tests.test_byok_and_formats" name="test_create_compat_key_missing_base_url_returns_400" time="0.113" /><testcase classname="tests.test_byok_and_formats" name="test_delete_api_key" time="0.315" /><testcase classname="tests.test_byok_and_formats" name="test_generate_pipeline_scripts" time="7.822" /><testcase classname="tests.test_byok_and_formats" name="test_generate_pipeline_terraform" time="2.851" /><testcase classname="tests.test_byok_and_formats" name="test_generate_pipeline_cloudformation" time="2.303" /><testcase classname="tests.test_byok_and_formats" name="test_generate_pipeline_yaml_default" time="3.895" /><testcase classname="tests.test_byok_and_formats" name="test_generate_with_byok_fake_key_returns_meta_then_upstream_error" time="0.233" /><testcase classname="tests.test_byok_and_formats" name="test_generate_with_unknown_api_key_id_404" time="0.228" /></testsuite></testsuites>