<?xml version="1.0" encoding="utf-8"?><testsuites name="pytest tests"><testsuite name="pytest" errors="0" failures="0" skipped="0" tests="18" time="140.492" timestamp="2026-06-27T21:16:43.459328+00:00" hostname="agent-env-3bd0c3da-c5f1-4b39-a409-c1130012b40c"><testcase classname="tests.test_forge_backend" name="test_root" time="0.194" /><testcase classname="tests.test_forge_backend" name="test_auth_me_no_token" time="0.118" /><testcase classname="tests.test_forge_backend" name="test_auth_me_valid_token" time="0.384" /><testcase classname="tests.test_forge_backend" name="test_signup_new_user" time="0.267" /><testcase classname="tests.test_forge_backend" name="test_login_invalid" time="0.270" /><testcase classname="tests.test_forge_backend" name="test_list_models" time="0.042" /><testcase classname="tests.test_forge_backend" name="test_connect_github_repo" time="0.781" /><testcase classname="tests.test_forge_backend" name="test_connect_invalid_github_url" time="0.106" /><testcase classname="tests.test_forge_backend" name="test_list_repos_contains_connected" time="0.103" /><testcase classname="tests.test_forge_backend" name="test_oauth_mock_gitlab" time="0.102" /><testcase classname="tests.test_forge_backend" name="test_save_pipeline" time="0.104" /><testcase classname="tests.test_forge_backend" name="test_get_pipeline" time="0.102" /><testcase classname="tests.test_forge_backend" name="test_generate_pipeline_sse" time="60.125" /><testcase classname="tests.test_forge_backend" name="test_run_pipeline_and_progress" time="38.594" /><testcase classname="tests.test_forge_backend" name="test_deployments_and_rollback" time="38.540" /><testcase classname="tests.test_forge_backend" name="test_security_scan" time="0.109" /><testcase classname="tests.test_forge_backend" name="test_dashboard_metrics" time="0.103" /><testcase classname="tests.test_forge_backend" name="test_audit_logs" time="0.099" /></testsuite></testsuites>